{"ip":"validation","level":"error","message":"SQL injection attempt detected","query":"select * from \"User\"","service":"alumni-portal","timestamp":"2025-12-07 14:55:17"}
{"input":"&lt;script&gt;alert(1)&lt;/script&gt;","ip":"::1","level":"error","message":"XSS attempt detected","service":"alumni-portal","timestamp":"2025-12-07 15:21:06"}
{"input":"&lt;script&gt;alert(1)&lt;/script&gt;","ip":"::1","level":"error","message":"XSS attempt detected","service":"alumni-portal","timestamp":"2025-12-07 15:21:06"}
{"ip":"validation","level":"error","message":"SQL injection attempt detected","query":"&lt;script&gt;alert(1)&lt;/script&gt;","service":"alumni-portal","timestamp":"2025-12-07 15:21:06"}
{"input":"&lt;script&gt;alert(1)&lt;/script&gt;","ip":"validation","level":"error","message":"XSS attempt detected","service":"alumni-portal","timestamp":"2025-12-07 15:21:06"}
{"ip":"validation","level":"error","message":"SQL injection attempt detected","query":"select * from \"User\"","service":"alumni-portal","timestamp":"2025-12-07 15:23:14"}
{"ip":"validation","level":"error","message":"SQL injection attempt detected","query":"select * from \"User\"","service":"alumni-portal","timestamp":"2025-12-07 15:25:40"}
{"input":"&lt;script&gt;alert(1)&lt;/script&gt;","ip":"::1","level":"error","message":"XSS attempt detected","service":"alumni-portal","timestamp":"2025-12-07 15:26:07"}
{"input":"&lt;script&gt;alert(1)&lt;/script&gt;","ip":"::1","level":"error","message":"XSS attempt detected","service":"alumni-portal","timestamp":"2025-12-07 15:26:07"}
{"ip":"validation","level":"error","message":"SQL injection attempt detected","query":"&lt;script&gt;alert(1)&lt;/script&gt;","service":"alumni-portal","timestamp":"2025-12-07 15:26:07"}
{"input":"&lt;script&gt;alert(1)&lt;/script&gt;","ip":"validation","level":"error","message":"XSS attempt detected","service":"alumni-portal","timestamp":"2025-12-07 15:26:07"}
{"input":"&lt;script&gt;alert(1)&lt;/script&gt;","ip":"::1","level":"error","message":"XSS attempt detected","service":"alumni-portal","timestamp":"2025-12-07 15:29:01"}
{"input":"&lt;script&gt;alert(1)&lt;/script&gt;","ip":"::1","level":"error","message":"XSS attempt detected","service":"alumni-portal","timestamp":"2025-12-07 15:29:01"}
{"ip":"validation","level":"error","message":"SQL injection attempt detected","query":"&lt;script&gt;alert(1)&lt;/script&gt;","service":"alumni-portal","timestamp":"2025-12-07 15:29:01"}
{"input":"&lt;script&gt;alert(1)&lt;/script&gt;","ip":"validation","level":"error","message":"XSS attempt detected","service":"alumni-portal","timestamp":"2025-12-07 15:29:01"}
{"error":"Validation error","level":"error","message":"Google callback error","service":"alumni-portal","timestamp":"2025-12-07 23:45:33"}
{"error":"Validation error","level":"error","message":"Google Strategy Error","service":"alumni-portal","timestamp":"2025-12-07 23:45:43"}
{"error":"Validation error","level":"error","message":"Google Strategy Error","service":"alumni-portal","timestamp":"2025-12-07 23:46:00"}
{"error":"Validation error","level":"error","message":"Google Strategy Error","service":"alumni-portal","timestamp":"2025-12-07 23:50:04"}
{"error":"Validation error","level":"error","message":"Google Strategy Error","service":"alumni-portal","timestamp":"2025-12-07 23:53:57"}
{"error":"aes.encrypt is not a function","level":"error","message":"Google Strategy Error","service":"alumni-portal","stack":"TypeError: aes.encrypt is not a function\n    at Strategy._verify (E:\\GP2026\\Development\\Alumni-Portal-project-GP\\Backend-Alumni\\src\\controllers\\googleAuth.controller.js:51:30)\n    at process.processTicksAndRejections (node:internal/process/task_queues:105:5)","timestamp":"2025-12-07 23:55:52"}
{"email":"aishafathy647@gmail.com","errors":["google_id must be unique"],"level":"error","message":"Validation error creating new Google user","service":"alumni-portal","timestamp":"2025-12-07 23:56:56"}
{"email":"aishafathy647@gmail.com","errors":["google_id must be unique"],"level":"error","message":"Validation error creating new Google user","service":"alumni-portal","timestamp":"2025-12-07 23:57:51"}
{"error":"The \"data\" argument must be of type string or an instance of Buffer, TypedArray, or DataView. Received undefined","level":"error","message":"Error creating new user","service":"alumni-portal","stack":"TypeError [ERR_INVALID_ARG_TYPE]: The \"data\" argument must be of type string or an instance of Buffer, TypedArray, or DataView. Received undefined\n    at Cipheriv.update (node:internal/crypto/cipher:168:11)\n    at Object.encryptNationalId (E:\\GP2026\\Development\\Alumni-Portal-project-GP\\Backend-Alumni\\src\\utils\\aes.js:42:26)\n    at exports.googleCallback (E:\\GP2026\\Development\\Alumni-Portal-project-GP\\Backend-Alumni\\src\\controllers\\googleAuth.controller.js:171:28)\n    at process.processTicksAndRejections (node:internal/process/task_queues:105:5)","timestamp":"2025-12-08 00:23:09"}
{"error":"The \"data\" argument must be of type string or an instance of Buffer, TypedArray, or DataView. Received undefined","level":"error","message":"Error creating new user","service":"alumni-portal","stack":"TypeError [ERR_INVALID_ARG_TYPE]: The \"data\" argument must be of type string or an instance of Buffer, TypedArray, or DataView. Received undefined\n    at Cipheriv.update (node:internal/crypto/cipher:168:11)\n    at Object.encryptNationalId (E:\\GP2026\\Development\\Alumni-Portal-project-GP\\Backend-Alumni\\src\\utils\\aes.js:42:26)\n    at exports.googleCallback (E:\\GP2026\\Development\\Alumni-Portal-project-GP\\Backend-Alumni\\src\\controllers\\googleAuth.controller.js:171:28)\n    at process.processTicksAndRejections (node:internal/process/task_queues:105:5)","timestamp":"2025-12-08 00:24:16"}
{"error":"The \"data\" argument must be of type string or an instance of Buffer, TypedArray, or DataView. Received undefined","level":"error","message":"Error creating new user","service":"alumni-portal","stack":"TypeError [ERR_INVALID_ARG_TYPE]: The \"data\" argument must be of type string or an instance of Buffer, TypedArray, or DataView. Received undefined\n    at Cipheriv.update (node:internal/crypto/cipher:168:11)\n    at Object.encryptNationalId (E:\\GP2026\\Development\\Alumni-Portal-project-GP\\Backend-Alumni\\src\\utils\\aes.js:42:26)\n    at exports.googleCallback (E:\\GP2026\\Development\\Alumni-Portal-project-GP\\Backend-Alumni\\src\\controllers\\googleAuth.controller.js:171:28)\n    at process.processTicksAndRejections (node:internal/process/task_queues:105:5)","timestamp":"2025-12-08 00:27:57"}
{"error":"Validation error","level":"error","message":"googleCallback error","service":"alumni-portal","timestamp":"2025-12-08 01:08:33"}
{"error":"Validation error","level":"error","message":"googleCallback error","service":"alumni-portal","timestamp":"2025-12-08 01:10:52"}
{"error":"Validation error","level":"error","message":"googleCallback error","service":"alumni-portal","timestamp":"2025-12-08 01:11:29"}
{"error":"Validation error","level":"error","message":"googleCallback error","service":"alumni-portal","timestamp":"2025-12-08 01:13:33"}
{"code":"ECONNREFUSED","error":"Error","level":"error","message":"External API connection refused","service":"alumni-portal","timestamp":"2025-12-14 01:25:45"}
{"error":"External API is not running. Please start the external API service on port 5001","errorCode":"CONNECTION_REFUSED","ip":"::1","level":"error","message":"External API failed for digital ID","service":"alumni-portal","timestamp":"2025-12-14 01:25:45","userId":2}
{"code":"ECONNREFUSED","error":"Error","level":"error","message":"External API connection refused","service":"alumni-portal","timestamp":"2025-12-14 01:25:45"}
{"error":"External API is not running. Please start the external API service on port 5001","errorCode":"CONNECTION_REFUSED","ip":"::1","level":"error","message":"External API failed for digital ID","service":"alumni-portal","timestamp":"2025-12-14 01:25:45","userId":2}
{"code":"ECONNREFUSED","error":"Error","level":"error","message":"External API connection refused","service":"alumni-portal","timestamp":"2025-12-14 01:43:40"}
{"error":"External API is not running. Please start the external API service on port 5001","errorCode":"CONNECTION_REFUSED","ip":"::1","level":"error","message":"External API failed for digital ID","service":"alumni-portal","timestamp":"2025-12-14 01:43:40","userId":2}
{"code":"ECONNREFUSED","error":"Error","level":"error","message":"External API connection refused","service":"alumni-portal","timestamp":"2025-12-14 01:43:40"}
{"error":"External API is not running. Please start the external API service on port 5001","errorCode":"CONNECTION_REFUSED","ip":"::1","level":"error","message":"External API failed for digital ID","service":"alumni-portal","timestamp":"2025-12-14 01:43:40","userId":2}
